  Trail.cpp
c:\users\jpuerto\documents\echosofnightmare\eon\src\trail.cpp(9): warning C4244: 'argument': conversion from 'double' to 'float', possible loss of data
  SoundWave.cpp
c:\users\jpuerto\documents\echosofnightmare\eon\src\soundwave.cpp(50): warning C4267: '-=': conversion from 'size_t' to 'int', possible loss of data
  SMenu.cpp
  Scene.cpp
  Map_1.cpp
c:\users\jpuerto\documents\echosofnightmare\eon\src\scenes\map_1.cpp(34): warning C4018: '<': signed/unsigned mismatch
c:\users\jpuerto\documents\echosofnightmare\eon\src\scenes\map_1.cpp(37): warning C4018: '<': signed/unsigned mismatch
c:\users\jpuerto\documents\echosofnightmare\eon\src\scenes\map_1.cpp(46): warning C4018: '<': signed/unsigned mismatch
c:\users\jpuerto\documents\echosofnightmare\eon\src\scenes\map_1.cpp(50): warning C4018: '<': signed/unsigned mismatch
c:\users\jpuerto\documents\echosofnightmare\eon\src\scenes\map_1.cpp(53): warning C4018: '<': signed/unsigned mismatch
c:\users\jpuerto\documents\echosofnightmare\eon\src\scenes\map_1.cpp(87): warning C4244: 'argument': conversion from 'int' to 'float', possible loss of data
c:\users\jpuerto\documents\echosofnightmare\eon\include\resources\pvector.h(36): warning C4267: 'return': conversion from 'size_t' to 'int', possible loss of data
  c:\users\jpuerto\documents\echosofnightmare\eon\include\resources\pvector.h(35): note: while compiling class template member function 'int PVector<GameObject>::Size(void) const'
  c:\users\jpuerto\documents\echosofnightmare\eon\src\scenes\map_1.cpp(34): note: see reference to function template instantiation 'int PVector<GameObject>::Size(void) const' being compiled
  c:\users\jpuerto\documents\echosofnightmare\eon\include\scenes\map_1.h(29): note: see reference to class template instantiation 'PVector<GameObject>' being compiled
  Map.cpp
  XMLReader.cpp
c:\users\jpuerto\documents\echosofnightmare\eon\src\resources\xmlreader.cpp(52): warning C4244: 'argument': conversion from 'float' to 'int', possible loss of data
  Vec2.cpp
  tinyxml2.cpp
  Player.cpp
c:\users\jpuerto\documents\echosofnightmare\eon\src\player.cpp(27): warning C4244: '=': conversion from 'int' to 'float', possible loss of data
c:\users\jpuerto\documents\echosofnightmare\eon\src\player.cpp(35): warning C4244: '=': conversion from 'int' to 'float', possible loss of data
c:\users\jpuerto\documents\echosofnightmare\eon\src\player.cpp(43): warning C4244: 'argument': conversion from 'float' to 'const int', possible loss of data
c:\users\jpuerto\documents\echosofnightmare\eon\src\player.cpp(53): warning C4244: '=': conversion from 'double' to 'float', possible loss of data
c:\users\jpuerto\documents\echosofnightmare\eon\src\player.cpp(55): warning C4305: '+=': truncation from 'double' to 'float'
c:\users\jpuerto\documents\echosofnightmare\eon\src\player.cpp(96): warning C4244: 'argument': conversion from 'double' to 'float', possible loss of data
  PhysicWorld.cpp
  PhysicBody.cpp
c:\users\jpuerto\documents\echosofnightmare\eon\src\physics\physicbodies\physicbody.cpp(62): warning C4311: 'type cast': pointer truncation from 'void *' to 'int'
c:\users\jpuerto\documents\echosofnightmare\eon\src\physics\physicbodies\physicbody.cpp(62): warning C4302: 'type cast': truncation from 'void *' to 'int'
  PBWall.cpp
c:\users\jpuerto\documents\echosofnightmare\eon\src\physics\physicbodies\pbwall.cpp(30): warning C4312: 'type cast': conversion from 'int' to 'void *' of greater size
  PBSoundWave.cpp
c:\users\jpuerto\documents\echosofnightmare\eon\src\physics\physicbodies\pbsoundwave.cpp(28): warning C4312: 'type cast': conversion from 'int' to 'void *' of greater size
  PBPlayer.cpp
c:\users\jpuerto\documents\echosofnightmare\eon\src\physics\physicbodies\pbplayer.cpp(30): warning C4312: 'type cast': conversion from 'int' to 'void *' of greater size
  PBBox.cpp
c:\users\jpuerto\documents\echosofnightmare\eon\src\physics\physicbodies\pbbox.cpp(30): warning C4312: 'type cast': conversion from 'int' to 'void *' of greater size
  EventListener.cpp
c:\users\jpuerto\documents\echosofnightmare\eon\src\listeners\eventlistener.cpp(8): warning C4838: conversion from 'int' to 'unsigned int' requires a narrowing conversion
  ContactListener.cpp
c:\users\jpuerto\documents\echosofnightmare\eon\src\listeners\contactlistener.cpp(10): warning C4311: 'type cast': pointer truncation from 'void *' to 'unsigned long'
c:\users\jpuerto\documents\echosofnightmare\eon\src\listeners\contactlistener.cpp(10): warning C4302: 'type cast': truncation from 'void *' to 'unsigned long'
c:\users\jpuerto\documents\echosofnightmare\eon\src\listeners\contactlistener.cpp(11): warning C4311: 'type cast': pointer truncation from 'void *' to 'unsigned long'
c:\users\jpuerto\documents\echosofnightmare\eon\src\listeners\contactlistener.cpp(11): warning C4302: 'type cast': truncation from 'void *' to 'unsigned long'
c:\users\jpuerto\documents\echosofnightmare\eon\src\listeners\contactlistener.cpp(24): warning C4311: 'type cast': pointer truncation from 'void *' to 'unsigned long'
c:\users\jpuerto\documents\echosofnightmare\eon\src\listeners\contactlistener.cpp(24): warning C4302: 'type cast': truncation from 'void *' to 'unsigned long'
c:\users\jpuerto\documents\echosofnightmare\eon\src\listeners\contactlistener.cpp(25): warning C4311: 'type cast': pointer truncation from 'void *' to 'unsigned long'
c:\users\jpuerto\documents\echosofnightmare\eon\src\listeners\contactlistener.cpp(25): warning C4302: 'type cast': truncation from 'void *' to 'unsigned long'
  VWall.cpp
  VSoundWave.cpp
  Generating Code...
  Compiling...
  VPlayer.cpp
  VBox.cpp
  GameObject.cpp
  main.cpp
  Director.cpp
  Generating Code...
Director.obj : error LNK2019: unresolved external symbol "public: __cdecl sf::String::String(char const *,class std::locale const &)" (??0String@sf@@QEAA@PEBDAEBVlocale@std@@@Z) referenced in function "public: __cdecl Director::Director(void)" (??0Director@@QEAA@XZ)
Director.obj : error LNK2019: unresolved external symbol "public: __cdecl sf::VideoMode::VideoMode(unsigned int,unsigned int,unsigned int)" (??0VideoMode@sf@@QEAA@III@Z) referenced in function "public: __cdecl Director::Director(void)" (??0Director@@QEAA@XZ)
Director.obj : error LNK2019: unresolved external symbol "public: bool __cdecl sf::Window::isOpen(void)const " (?isOpen@Window@sf@@QEBA_NXZ) referenced in function "public: bool __cdecl Director::Update(void)" (?Update@Director@@QEAA_NXZ)
Director.obj : error LNK2019: unresolved external symbol "public: void __cdecl sf::Window::setVerticalSyncEnabled(bool)" (?setVerticalSyncEnabled@Window@sf@@QEAAX_N@Z) referenced in function "public: __cdecl Director::Director(void)" (??0Director@@QEAA@XZ)
Director.obj : error LNK2019: unresolved external symbol "public: void __cdecl sf::Window::setFramerateLimit(unsigned int)" (?setFramerateLimit@Window@sf@@QEAAXI@Z) referenced in function "public: __cdecl Director::Director(void)" (??0Director@@QEAA@XZ)
Director.obj : error LNK2019: unresolved external symbol "public: void __cdecl sf::Window::display(void)" (?display@Window@sf@@QEAAXXZ) referenced in function "public: void __cdecl Director::Render(void)" (?Render@Director@@QEAAXXZ)
Director.obj : error LNK2019: unresolved external symbol "public: void __cdecl sf::RenderTarget::clear(class sf::Color const &)" (?clear@RenderTarget@sf@@QEAAXAEBVColor@2@@Z) referenced in function "public: void __cdecl Director::Render(void)" (?Render@Director@@QEAAXXZ)
Director.obj : error LNK2019: unresolved external symbol "public: __cdecl sf::RenderWindow::RenderWindow(class sf::VideoMode,class sf::String const &,unsigned int,struct sf::ContextSettings const &)" (??0RenderWindow@sf@@QEAA@VVideoMode@1@AEBVString@1@IAEBUContextSettings@1@@Z) referenced in function "public: __cdecl Director::Director(void)" (??0Director@@QEAA@XZ)
Director.obj : error LNK2001: unresolved external symbol "public: static class sf::Color const sf::Color::Black" (?Black@Color@sf@@2V12@B)
VWall.obj : error LNK2001: unresolved external symbol "public: void __cdecl sf::RenderTarget::draw(class sf::Drawable const &,class sf::RenderStates const &)" (?draw@RenderTarget@sf@@QEAAXAEBVDrawable@2@AEBVRenderStates@2@@Z)
Map_1.obj : error LNK2001: unresolved external symbol "public: void __cdecl sf::RenderTarget::draw(class sf::Drawable const &,class sf::RenderStates const &)" (?draw@RenderTarget@sf@@QEAAXAEBVDrawable@2@AEBVRenderStates@2@@Z)
SoundWave.obj : error LNK2001: unresolved external symbol "public: void __cdecl sf::RenderTarget::draw(class sf::Drawable const &,class sf::RenderStates const &)" (?draw@RenderTarget@sf@@QEAAXAEBVDrawable@2@AEBVRenderStates@2@@Z)
Trail.obj : error LNK2001: unresolved external symbol "public: void __cdecl sf::RenderTarget::draw(class sf::Drawable const &,class sf::RenderStates const &)" (?draw@RenderTarget@sf@@QEAAXAEBVDrawable@2@AEBVRenderStates@2@@Z)
GameObject.obj : error LNK2001: unresolved external symbol "public: void __cdecl sf::RenderTarget::draw(class sf::Drawable const &,class sf::RenderStates const &)" (?draw@RenderTarget@sf@@QEAAXAEBVDrawable@2@AEBVRenderStates@2@@Z)
VBox.obj : error LNK2001: unresolved external symbol "public: void __cdecl sf::RenderTarget::draw(class sf::Drawable const &,class sf::RenderStates const &)" (?draw@RenderTarget@sf@@QEAAXAEBVDrawable@2@AEBVRenderStates@2@@Z)
VPlayer.obj : error LNK2001: unresolved external symbol "public: void __cdecl sf::RenderTarget::draw(class sf::Drawable const &,class sf::RenderStates const &)" (?draw@RenderTarget@sf@@QEAAXAEBVDrawable@2@AEBVRenderStates@2@@Z)
VSoundWave.obj : error LNK2001: unresolved external symbol "public: void __cdecl sf::RenderTarget::draw(class sf::Drawable const &,class sf::RenderStates const &)" (?draw@RenderTarget@sf@@QEAAXAEBVDrawable@2@AEBVRenderStates@2@@Z)
VBox.obj : error LNK2019: unresolved external symbol "public: virtual __cdecl sf::Transformable::~Transformable(void)" (??1Transformable@sf@@UEAA@XZ) referenced in function "public: virtual __cdecl sf::Sprite::~Sprite(void)" (??1Sprite@sf@@UEAA@XZ)
VPlayer.obj : error LNK2001: unresolved external symbol "public: virtual __cdecl sf::Transformable::~Transformable(void)" (??1Transformable@sf@@UEAA@XZ)
VSoundWave.obj : error LNK2001: unresolved external symbol "public: virtual __cdecl sf::Transformable::~Transformable(void)" (??1Transformable@sf@@UEAA@XZ)
Trail.obj : error LNK2001: unresolved external symbol "public: void __cdecl sf::Transformable::setPosition(class sf::Vector2<float> const &)" (?setPosition@Transformable@sf@@QEAAXAEBV?$Vector2@M@2@@Z)
VBox.obj : error LNK2001: unresolved external symbol "public: void __cdecl sf::Transformable::setPosition(class sf::Vector2<float> const &)" (?setPosition@Transformable@sf@@QEAAXAEBV?$Vector2@M@2@@Z)
VPlayer.obj : error LNK2001: unresolved external symbol "public: void __cdecl sf::Transformable::setPosition(class sf::Vector2<float> const &)" (?setPosition@Transformable@sf@@QEAAXAEBV?$Vector2@M@2@@Z)
VSoundWave.obj : error LNK2001: unresolved external symbol "public: void __cdecl sf::Transformable::setPosition(class sf::Vector2<float> const &)" (?setPosition@Transformable@sf@@QEAAXAEBV?$Vector2@M@2@@Z)
VWall.obj : error LNK2001: unresolved external symbol "public: void __cdecl sf::Transformable::setPosition(class sf::Vector2<float> const &)" (?setPosition@Transformable@sf@@QEAAXAEBV?$Vector2@M@2@@Z)
Trail.obj : error LNK2001: unresolved external symbol "public: void __cdecl sf::Transformable::setRotation(float)" (?setRotation@Transformable@sf@@QEAAXM@Z)
VBox.obj : error LNK2001: unresolved external symbol "public: void __cdecl sf::Transformable::setRotation(float)" (?setRotation@Transformable@sf@@QEAAXM@Z)
VPlayer.obj : error LNK2001: unresolved external symbol "public: void __cdecl sf::Transformable::setRotation(float)" (?setRotation@Transformable@sf@@QEAAXM@Z)
VSoundWave.obj : error LNK2001: unresolved external symbol "public: void __cdecl sf::Transformable::setRotation(float)" (?setRotation@Transformable@sf@@QEAAXM@Z)
VWall.obj : error LNK2001: unresolved external symbol "public: void __cdecl sf::Transformable::setRotation(float)" (?setRotation@Transformable@sf@@QEAAXM@Z)
VBox.obj : error LNK2019: unresolved external symbol "public: void __cdecl sf::Transformable::setScale(class sf::Vector2<float> const &)" (?setScale@Transformable@sf@@QEAAXAEBV?$Vector2@M@2@@Z) referenced in function "public: virtual void __cdecl VBox::Initialize(class Vec2)" (?Initialize@VBox@@UEAAXVVec2@@@Z)
VPlayer.obj : error LNK2001: unresolved external symbol "public: void __cdecl sf::Transformable::setScale(class sf::Vector2<float> const &)" (?setScale@Transformable@sf@@QEAAXAEBV?$Vector2@M@2@@Z)
Trail.obj : error LNK2001: unresolved external symbol "public: void __cdecl sf::Transformable::setOrigin(float,float)" (?setOrigin@Transformable@sf@@QEAAXMM@Z)
VBox.obj : error LNK2001: unresolved external symbol "public: void __cdecl sf::Transformable::setOrigin(float,float)" (?setOrigin@Transformable@sf@@QEAAXMM@Z)
VPlayer.obj : error LNK2001: unresolved external symbol "public: void __cdecl sf::Transformable::setOrigin(float,float)" (?setOrigin@Transformable@sf@@QEAAXMM@Z)
VSoundWave.obj : error LNK2001: unresolved external symbol "public: void __cdecl sf::Transformable::setOrigin(float,float)" (?setOrigin@Transformable@sf@@QEAAXMM@Z)
VWall.obj : error LNK2001: unresolved external symbol "public: void __cdecl sf::Transformable::setOrigin(float,float)" (?setOrigin@Transformable@sf@@QEAAXMM@Z)
VBox.obj : error LNK2019: unresolved external symbol "public: __cdecl sf::Texture::Texture(void)" (??0Texture@sf@@QEAA@XZ) referenced in function "public: __cdecl VBox::VBox(void)" (??0VBox@@QEAA@XZ)
VPlayer.obj : error LNK2001: unresolved external symbol "public: __cdecl sf::Texture::Texture(void)" (??0Texture@sf@@QEAA@XZ)
VSoundWave.obj : error LNK2001: unresolved external symbol "public: __cdecl sf::Texture::Texture(void)" (??0Texture@sf@@QEAA@XZ)
VBox.obj : error LNK2019: unresolved external symbol "public: __cdecl sf::Texture::~Texture(void)" (??1Texture@sf@@QEAA@XZ) referenced in function "int `public: __cdecl VBox::VBox(void)'::`1'::dtor$1" (?dtor$1@?0???0VBox@@QEAA@XZ@4HA)
VPlayer.obj : error LNK2001: unresolved external symbol "public: __cdecl sf::Texture::~Texture(void)" (??1Texture@sf@@QEAA@XZ)
VSoundWave.obj : error LNK2001: unresolved external symbol "public: __cdecl sf::Texture::~Texture(void)" (??1Texture@sf@@QEAA@XZ)
VBox.obj : error LNK2019: unresolved external symbol "public: bool __cdecl sf::Texture::loadFromFile(class std::basic_string<char,struct std::char_traits<char>,class std::allocator<char> > const &,class sf::Rect<int> const &)" (?loadFromFile@Texture@sf@@QEAA_NAEBV?$basic_string@DU?$char_traits@D@std@@V?$allocator@D@2@@std@@AEBV?$Rect@H@2@@Z) referenced in function "public: virtual void __cdecl VBox::Initialize(class Vec2)" (?Initialize@VBox@@UEAAXVVec2@@@Z)
VPlayer.obj : error LNK2001: unresolved external symbol "public: bool __cdecl sf::Texture::loadFromFile(class std::basic_string<char,struct std::char_traits<char>,class std::allocator<char> > const &,class sf::Rect<int> const &)" (?loadFromFile@Texture@sf@@QEAA_NAEBV?$basic_string@DU?$char_traits@D@std@@V?$allocator@D@2@@std@@AEBV?$Rect@H@2@@Z)
VBox.obj : error LNK2019: unresolved external symbol "public: class sf::Vector2<unsigned int> __cdecl sf::Texture::getSize(void)const " (?getSize@Texture@sf@@QEBA?AV?$Vector2@I@2@XZ) referenced in function "public: virtual void __cdecl VBox::Initialize(class Vec2)" (?Initialize@VBox@@UEAAXVVec2@@@Z)
VPlayer.obj : error LNK2001: unresolved external symbol "public: class sf::Vector2<unsigned int> __cdecl sf::Texture::getSize(void)const " (?getSize@Texture@sf@@QEBA?AV?$Vector2@I@2@XZ)
VBox.obj : error LNK2019: unresolved external symbol "public: __cdecl sf::Sprite::Sprite(void)" (??0Sprite@sf@@QEAA@XZ) referenced in function "public: __cdecl VBox::VBox(void)" (??0VBox@@QEAA@XZ)
VPlayer.obj : error LNK2001: unresolved external symbol "public: __cdecl sf::Sprite::Sprite(void)" (??0Sprite@sf@@QEAA@XZ)
VSoundWave.obj : error LNK2001: unresolved external symbol "public: __cdecl sf::Sprite::Sprite(void)" (??0Sprite@sf@@QEAA@XZ)
VBox.obj : error LNK2019: unresolved external symbol "public: void __cdecl sf::Sprite::setTexture(class sf::Texture const &,bool)" (?setTexture@Sprite@sf@@QEAAXAEBVTexture@2@_N@Z) referenced in function "public: virtual void __cdecl VBox::Initialize(class Vec2)" (?Initialize@VBox@@UEAAXVVec2@@@Z)
VPlayer.obj : error LNK2001: unresolved external symbol "public: void __cdecl sf::Sprite::setTexture(class sf::Texture const &,bool)" (?setTexture@Sprite@sf@@QEAAXAEBVTexture@2@_N@Z)
VSoundWave.obj : error LNK2019: unresolved external symbol "public: virtual __cdecl sf::Shape::~Shape(void)" (??1Shape@sf@@UEAA@XZ) referenced in function "public: virtual __cdecl sf::CircleShape::~CircleShape(void)" (??1CircleShape@sf@@UEAA@XZ)
VWall.obj : error LNK2001: unresolved external symbol "public: virtual __cdecl sf::Shape::~Shape(void)" (??1Shape@sf@@UEAA@XZ)
Trail.obj : error LNK2001: unresolved external symbol "public: virtual __cdecl sf::Shape::~Shape(void)" (??1Shape@sf@@UEAA@XZ)
VSoundWave.obj : error LNK2019: unresolved external symbol "public: __cdecl sf::CircleShape::CircleShape(float,unsigned __int64)" (??0CircleShape@sf@@QEAA@M_K@Z) referenced in function "public: __cdecl VSoundWave::VSoundWave(void)" (??0VSoundWave@@QEAA@XZ)
VWall.obj : error LNK2019: unresolved external symbol "public: __cdecl sf::RectangleShape::RectangleShape(class sf::Vector2<float> const &)" (??0RectangleShape@sf@@QEAA@AEBV?$Vector2@M@1@@Z) referenced in function "public: __cdecl VWall::VWall(void)" (??0VWall@@QEAA@XZ)
Trail.obj : error LNK2001: unresolved external symbol "public: __cdecl sf::RectangleShape::RectangleShape(class sf::Vector2<float> const &)" (??0RectangleShape@sf@@QEAA@AEBV?$Vector2@M@1@@Z)
VWall.obj : error LNK2019: unresolved external symbol "public: class sf::Vector2<float> const & __cdecl sf::RectangleShape::getSize(void)const " (?getSize@RectangleShape@sf@@QEBAAEBV?$Vector2@M@2@XZ) referenced in function "public: virtual void __cdecl VWall::Initialize(class Vec2)" (?Initialize@VWall@@UEAAXVVec2@@@Z)
Trail.obj : error LNK2001: unresolved external symbol "public: class sf::Vector2<float> const & __cdecl sf::RectangleShape::getSize(void)const " (?getSize@RectangleShape@sf@@QEBAAEBV?$Vector2@M@2@XZ)
EventListener.obj : error LNK2019: unresolved external symbol "public: void __cdecl sf::Window::close(void)" (?close@Window@sf@@QEAAXXZ) referenced in function "private: void __cdecl EventListener::Closed(unsigned int)" (?Closed@EventListener@@AEAAXI@Z)
EventListener.obj : error LNK2019: unresolved external symbol "public: bool __cdecl sf::Window::pollEvent(class sf::Event &)" (?pollEvent@Window@sf@@QEAA_NAEAVEvent@2@@Z) referenced in function "public: void __cdecl EventListener::CheckEvents(void)" (?CheckEvents@EventListener@@QEAAXXZ)
PBBox.obj : error LNK2001: unresolved external symbol "public: virtual class b2Shape * __cdecl b2PolygonShape::Clone(class b2BlockAllocator *)const " (?Clone@b2PolygonShape@@UEBAPEAVb2Shape@@PEAVb2BlockAllocator@@@Z)
PBPlayer.obj : error LNK2001: unresolved external symbol "public: virtual class b2Shape * __cdecl b2PolygonShape::Clone(class b2BlockAllocator *)const " (?Clone@b2PolygonShape@@UEBAPEAVb2Shape@@PEAVb2BlockAllocator@@@Z)
PBSoundWave.obj : error LNK2001: unresolved external symbol "public: virtual class b2Shape * __cdecl b2PolygonShape::Clone(class b2BlockAllocator *)const " (?Clone@b2PolygonShape@@UEBAPEAVb2Shape@@PEAVb2BlockAllocator@@@Z)
PBWall.obj : error LNK2001: unresolved external symbol "public: virtual class b2Shape * __cdecl b2PolygonShape::Clone(class b2BlockAllocator *)const " (?Clone@b2PolygonShape@@UEBAPEAVb2Shape@@PEAVb2BlockAllocator@@@Z)
PBBox.obj : error LNK2001: unresolved external symbol "public: virtual int __cdecl b2PolygonShape::GetChildCount(void)const " (?GetChildCount@b2PolygonShape@@UEBAHXZ)
PBPlayer.obj : error LNK2001: unresolved external symbol "public: virtual int __cdecl b2PolygonShape::GetChildCount(void)const " (?GetChildCount@b2PolygonShape@@UEBAHXZ)
PBSoundWave.obj : error LNK2001: unresolved external symbol "public: virtual int __cdecl b2PolygonShape::GetChildCount(void)const " (?GetChildCount@b2PolygonShape@@UEBAHXZ)
PBWall.obj : error LNK2001: unresolved external symbol "public: virtual int __cdecl b2PolygonShape::GetChildCount(void)const " (?GetChildCount@b2PolygonShape@@UEBAHXZ)
PBBox.obj : error LNK2019: unresolved external symbol "public: void __cdecl b2PolygonShape::SetAsBox(float,float)" (?SetAsBox@b2PolygonShape@@QEAAXMM@Z) referenced in function "private: virtual void __cdecl PBBox::InitFixtures(struct b2Vec2)" (?InitFixtures@PBBox@@EEAAXUb2Vec2@@@Z)
PBPlayer.obj : error LNK2001: unresolved external symbol "public: void __cdecl b2PolygonShape::SetAsBox(float,float)" (?SetAsBox@b2PolygonShape@@QEAAXMM@Z)
PBSoundWave.obj : error LNK2001: unresolved external symbol "public: void __cdecl b2PolygonShape::SetAsBox(float,float)" (?SetAsBox@b2PolygonShape@@QEAAXMM@Z)
PBWall.obj : error LNK2001: unresolved external symbol "public: void __cdecl b2PolygonShape::SetAsBox(float,float)" (?SetAsBox@b2PolygonShape@@QEAAXMM@Z)
PBBox.obj : error LNK2019: unresolved external symbol "public: void __cdecl b2PolygonShape::SetAsBox(float,float,struct b2Vec2 const &,float)" (?SetAsBox@b2PolygonShape@@QEAAXMMAEBUb2Vec2@@M@Z) referenced in function "private: virtual void __cdecl PBBox::InitFixtures(struct b2Vec2)" (?InitFixtures@PBBox@@EEAAXUb2Vec2@@@Z)
PBPlayer.obj : error LNK2001: unresolved external symbol "public: void __cdecl b2PolygonShape::SetAsBox(float,float,struct b2Vec2 const &,float)" (?SetAsBox@b2PolygonShape@@QEAAXMMAEBUb2Vec2@@M@Z)
PBSoundWave.obj : error LNK2001: unresolved external symbol "public: void __cdecl b2PolygonShape::SetAsBox(float,float,struct b2Vec2 const &,float)" (?SetAsBox@b2PolygonShape@@QEAAXMMAEBUb2Vec2@@M@Z)
PBWall.obj : error LNK2001: unresolved external symbol "public: void __cdecl b2PolygonShape::SetAsBox(float,float,struct b2Vec2 const &,float)" (?SetAsBox@b2PolygonShape@@QEAAXMMAEBUb2Vec2@@M@Z)
PBBox.obj : error LNK2001: unresolved external symbol "public: virtual bool __cdecl b2PolygonShape::TestPoint(struct b2Transform const &,struct b2Vec2 const &)const " (?TestPoint@b2PolygonShape@@UEBA_NAEBUb2Transform@@AEBUb2Vec2@@@Z)
PBPlayer.obj : error LNK2001: unresolved external symbol "public: virtual bool __cdecl b2PolygonShape::TestPoint(struct b2Transform const &,struct b2Vec2 const &)const " (?TestPoint@b2PolygonShape@@UEBA_NAEBUb2Transform@@AEBUb2Vec2@@@Z)
PBSoundWave.obj : error LNK2001: unresolved external symbol "public: virtual bool __cdecl b2PolygonShape::TestPoint(struct b2Transform const &,struct b2Vec2 const &)const " (?TestPoint@b2PolygonShape@@UEBA_NAEBUb2Transform@@AEBUb2Vec2@@@Z)
PBWall.obj : error LNK2001: unresolved external symbol "public: virtual bool __cdecl b2PolygonShape::TestPoint(struct b2Transform const &,struct b2Vec2 const &)const " (?TestPoint@b2PolygonShape@@UEBA_NAEBUb2Transform@@AEBUb2Vec2@@@Z)
PBBox.obj : error LNK2001: unresolved external symbol "public: virtual bool __cdecl b2PolygonShape::RayCast(struct b2RayCastOutput *,struct b2RayCastInput const &,struct b2Transform const &,int)const " (?RayCast@b2PolygonShape@@UEBA_NPEAUb2RayCastOutput@@AEBUb2RayCastInput@@AEBUb2Transform@@H@Z)
PBPlayer.obj : error LNK2001: unresolved external symbol "public: virtual bool __cdecl b2PolygonShape::RayCast(struct b2RayCastOutput *,struct b2RayCastInput const &,struct b2Transform const &,int)const " (?RayCast@b2PolygonShape@@UEBA_NPEAUb2RayCastOutput@@AEBUb2RayCastInput@@AEBUb2Transform@@H@Z)
PBSoundWave.obj : error LNK2001: unresolved external symbol "public: virtual bool __cdecl b2PolygonShape::RayCast(struct b2RayCastOutput *,struct b2RayCastInput const &,struct b2Transform const &,int)const " (?RayCast@b2PolygonShape@@UEBA_NPEAUb2RayCastOutput@@AEBUb2RayCastInput@@AEBUb2Transform@@H@Z)
PBWall.obj : error LNK2001: unresolved external symbol "public: virtual bool __cdecl b2PolygonShape::RayCast(struct b2RayCastOutput *,struct b2RayCastInput const &,struct b2Transform const &,int)const " (?RayCast@b2PolygonShape@@UEBA_NPEAUb2RayCastOutput@@AEBUb2RayCastInput@@AEBUb2Transform@@H@Z)
PBBox.obj : error LNK2001: unresolved external symbol "public: virtual void __cdecl b2PolygonShape::ComputeAABB(struct b2AABB *,struct b2Transform const &,int)const " (?ComputeAABB@b2PolygonShape@@UEBAXPEAUb2AABB@@AEBUb2Transform@@H@Z)
PBPlayer.obj : error LNK2001: unresolved external symbol "public: virtual void __cdecl b2PolygonShape::ComputeAABB(struct b2AABB *,struct b2Transform const &,int)const " (?ComputeAABB@b2PolygonShape@@UEBAXPEAUb2AABB@@AEBUb2Transform@@H@Z)
PBSoundWave.obj : error LNK2001: unresolved external symbol "public: virtual void __cdecl b2PolygonShape::ComputeAABB(struct b2AABB *,struct b2Transform const &,int)const " (?ComputeAABB@b2PolygonShape@@UEBAXPEAUb2AABB@@AEBUb2Transform@@H@Z)
PBWall.obj : error LNK2001: unresolved external symbol "public: virtual void __cdecl b2PolygonShape::ComputeAABB(struct b2AABB *,struct b2Transform const &,int)const " (?ComputeAABB@b2PolygonShape@@UEBAXPEAUb2AABB@@AEBUb2Transform@@H@Z)
PBBox.obj : error LNK2001: unresolved external symbol "public: virtual void __cdecl b2PolygonShape::ComputeMass(struct b2MassData *,float)const " (?ComputeMass@b2PolygonShape@@UEBAXPEAUb2MassData@@M@Z)
PBPlayer.obj : error LNK2001: unresolved external symbol "public: virtual void __cdecl b2PolygonShape::ComputeMass(struct b2MassData *,float)const " (?ComputeMass@b2PolygonShape@@UEBAXPEAUb2MassData@@M@Z)
PBSoundWave.obj : error LNK2001: unresolved external symbol "public: virtual void __cdecl b2PolygonShape::ComputeMass(struct b2MassData *,float)const " (?ComputeMass@b2PolygonShape@@UEBAXPEAUb2MassData@@M@Z)
PBWall.obj : error LNK2001: unresolved external symbol "public: virtual void __cdecl b2PolygonShape::ComputeMass(struct b2MassData *,float)const " (?ComputeMass@b2PolygonShape@@UEBAXPEAUb2MassData@@M@Z)
PBBox.obj : error LNK2019: unresolved external symbol "public: class b2Fixture * __cdecl b2Body::CreateFixture(struct b2FixtureDef const *)" (?CreateFixture@b2Body@@QEAAPEAVb2Fixture@@PEBUb2FixtureDef@@@Z) referenced in function "private: virtual void __cdecl PBBox::InitFixtures(struct b2Vec2)" (?InitFixtures@PBBox@@EEAAXUb2Vec2@@@Z)
PBPlayer.obj : error LNK2001: unresolved external symbol "public: class b2Fixture * __cdecl b2Body::CreateFixture(struct b2FixtureDef const *)" (?CreateFixture@b2Body@@QEAAPEAVb2Fixture@@PEBUb2FixtureDef@@@Z)
PBSoundWave.obj : error LNK2001: unresolved external symbol "public: class b2Fixture * __cdecl b2Body::CreateFixture(struct b2FixtureDef const *)" (?CreateFixture@b2Body@@QEAAPEAVb2Fixture@@PEBUb2FixtureDef@@@Z)
PBWall.obj : error LNK2001: unresolved external symbol "public: class b2Fixture * __cdecl b2Body::CreateFixture(struct b2FixtureDef const *)" (?CreateFixture@b2Body@@QEAAPEAVb2Fixture@@PEBUb2FixtureDef@@@Z)
PBBox.obj : error LNK2019: unresolved external symbol "public: void __cdecl b2Body::DestroyFixture(class b2Fixture *)" (?DestroyFixture@b2Body@@QEAAXPEAVb2Fixture@@@Z) referenced in function "public: virtual void __cdecl PBBox::DestroyFixtures(void)" (?DestroyFixtures@PBBox@@UEAAXXZ)
PBPlayer.obj : error LNK2001: unresolved external symbol "public: void __cdecl b2Body::DestroyFixture(class b2Fixture *)" (?DestroyFixture@b2Body@@QEAAXPEAVb2Fixture@@@Z)
PBSoundWave.obj : error LNK2001: unresolved external symbol "public: void __cdecl b2Body::DestroyFixture(class b2Fixture *)" (?DestroyFixture@b2Body@@QEAAXPEAVb2Fixture@@@Z)
PBWall.obj : error LNK2001: unresolved external symbol "public: void __cdecl b2Body::DestroyFixture(class b2Fixture *)" (?DestroyFixture@b2Body@@QEAAXPEAVb2Fixture@@@Z)
PBBox.obj : error LNK2019: unresolved external symbol "public: class b2Body * __cdecl b2World::CreateBody(struct b2BodyDef const *)" (?CreateBody@b2World@@QEAAPEAVb2Body@@PEBUb2BodyDef@@@Z) referenced in function "private: virtual void __cdecl PBBox::InitBody(struct b2Vec2,struct b2Vec2)" (?InitBody@PBBox@@EEAAXUb2Vec2@@0@Z)
PBPlayer.obj : error LNK2001: unresolved external symbol "public: class b2Body * __cdecl b2World::CreateBody(struct b2BodyDef const *)" (?CreateBody@b2World@@QEAAPEAVb2Body@@PEBUb2BodyDef@@@Z)
PBSoundWave.obj : error LNK2001: unresolved external symbol "public: class b2Body * __cdecl b2World::CreateBody(struct b2BodyDef const *)" (?CreateBody@b2World@@QEAAPEAVb2Body@@PEBUb2BodyDef@@@Z)
PBWall.obj : error LNK2001: unresolved external symbol "public: class b2Body * __cdecl b2World::CreateBody(struct b2BodyDef const *)" (?CreateBody@b2World@@QEAAPEAVb2Body@@PEBUb2BodyDef@@@Z)
PBBox.obj : error LNK2019: unresolved external symbol "public: void __cdecl b2World::DestroyBody(class b2Body *)" (?DestroyBody@b2World@@QEAAXPEAVb2Body@@@Z) referenced in function "private: virtual void __cdecl PBBox::DestroyBody(void)" (?DestroyBody@PBBox@@EEAAXXZ)
PBPlayer.obj : error LNK2001: unresolved external symbol "public: void __cdecl b2World::DestroyBody(class b2Body *)" (?DestroyBody@b2World@@QEAAXPEAVb2Body@@@Z)
PBSoundWave.obj : error LNK2001: unresolved external symbol "public: void __cdecl b2World::DestroyBody(class b2Body *)" (?DestroyBody@b2World@@QEAAXPEAVb2Body@@@Z)
PBWall.obj : error LNK2001: unresolved external symbol "public: void __cdecl b2World::DestroyBody(class b2Body *)" (?DestroyBody@b2World@@QEAAXPEAVb2Body@@@Z)
PBBox.obj : error LNK2019: unresolved external symbol "public: class b2Joint * __cdecl b2World::CreateJoint(struct b2JointDef const *)" (?CreateJoint@b2World@@QEAAPEAVb2Joint@@PEBUb2JointDef@@@Z) referenced in function "public: virtual void __cdecl PBBox::Catch(int)" (?Catch@PBBox@@UEAAXH@Z)
PBPlayer.obj : error LNK2001: unresolved external symbol "public: class b2Joint * __cdecl b2World::CreateJoint(struct b2JointDef const *)" (?CreateJoint@b2World@@QEAAPEAVb2Joint@@PEBUb2JointDef@@@Z)
PBSoundWave.obj : error LNK2001: unresolved external symbol "public: class b2Joint * __cdecl b2World::CreateJoint(struct b2JointDef const *)" (?CreateJoint@b2World@@QEAAPEAVb2Joint@@PEBUb2JointDef@@@Z)
PBWall.obj : error LNK2001: unresolved external symbol "public: class b2Joint * __cdecl b2World::CreateJoint(struct b2JointDef const *)" (?CreateJoint@b2World@@QEAAPEAVb2Joint@@PEBUb2JointDef@@@Z)
PBBox.obj : error LNK2019: unresolved external symbol "public: void __cdecl b2World::DestroyJoint(class b2Joint *)" (?DestroyJoint@b2World@@QEAAXPEAVb2Joint@@@Z) referenced in function "public: virtual void __cdecl PBBox::Release(void)" (?Release@PBBox@@UEAAXXZ)
PBPlayer.obj : error LNK2001: unresolved external symbol "public: void __cdecl b2World::DestroyJoint(class b2Joint *)" (?DestroyJoint@b2World@@QEAAXPEAVb2Joint@@@Z)
PBSoundWave.obj : error LNK2001: unresolved external symbol "public: void __cdecl b2World::DestroyJoint(class b2Joint *)" (?DestroyJoint@b2World@@QEAAXPEAVb2Joint@@@Z)
PBWall.obj : error LNK2001: unresolved external symbol "public: void __cdecl b2World::DestroyJoint(class b2Joint *)" (?DestroyJoint@b2World@@QEAAXPEAVb2Joint@@@Z)
PBBox.obj : error LNK2019: unresolved external symbol "public: void __cdecl b2RevoluteJoint::EnableMotor(bool)" (?EnableMotor@b2RevoluteJoint@@QEAAX_N@Z) referenced in function "public: virtual void __cdecl PBBox::Catch(int)" (?Catch@PBBox@@UEAAXH@Z)
PBPlayer.obj : error LNK2001: unresolved external symbol "public: void __cdecl b2RevoluteJoint::EnableMotor(bool)" (?EnableMotor@b2RevoluteJoint@@QEAAX_N@Z)
PBSoundWave.obj : error LNK2001: unresolved external symbol "public: void __cdecl b2RevoluteJoint::EnableMotor(bool)" (?EnableMotor@b2RevoluteJoint@@QEAAX_N@Z)
PBWall.obj : error LNK2001: unresolved external symbol "public: void __cdecl b2RevoluteJoint::EnableMotor(bool)" (?EnableMotor@b2RevoluteJoint@@QEAAX_N@Z)
PhysicBody.obj : error LNK2019: unresolved external symbol "public: void __cdecl b2Body::SetTransform(struct b2Vec2 const &,float)" (?SetTransform@b2Body@@QEAAXAEBUb2Vec2@@M@Z) referenced in function "protected: void __cdecl PhysicBody::DefSetPosition(struct b2Vec2)" (?DefSetPosition@PhysicBody@@IEAAXUb2Vec2@@@Z)
PhysicBody.obj : error LNK2019: unresolved external symbol "public: void __cdecl b2Body::SetFixedRotation(bool)" (?SetFixedRotation@b2Body@@QEAAX_N@Z) referenced in function "protected: void __cdecl PhysicBody::DefSetFixedRotation(bool)" (?DefSetFixedRotation@PhysicBody@@IEAAX_N@Z)
PhysicWorld.obj : error LNK2019: unresolved external symbol "public: __cdecl b2World::b2World(struct b2Vec2 const &)" (??0b2World@@QEAA@AEBUb2Vec2@@@Z) referenced in function "public: __cdecl PhysicWorld::PhysicWorld(void)" (??0PhysicWorld@@QEAA@XZ)
PhysicWorld.obj : error LNK2019: unresolved external symbol "public: __cdecl b2World::~b2World(void)" (??1b2World@@QEAA@XZ) referenced in function "public: void * __cdecl b2World::`scalar deleting destructor'(unsigned int)" (??_Gb2World@@QEAAPEAXI@Z)
PhysicWorld.obj : error LNK2019: unresolved external symbol "public: void __cdecl b2World::SetContactListener(class b2ContactListener *)" (?SetContactListener@b2World@@QEAAXPEAVb2ContactListener@@@Z) referenced in function "public: void __cdecl PhysicWorld::SetContactListener(class ContactListener *)" (?SetContactListener@PhysicWorld@@QEAAXPEAVContactListener@@@Z)
PhysicWorld.obj : error LNK2019: unresolved external symbol "public: void __cdecl b2World::Step(float,int,int)" (?Step@b2World@@QEAAXMHH@Z) referenced in function "public: void __cdecl PhysicWorld::Update(void)" (?Update@PhysicWorld@@QEAAXXZ)
Player.obj : error LNK2019: unresolved external symbol "public: int __cdecl sf::Time::asMilliseconds(void)const " (?asMilliseconds@Time@sf@@QEBAHXZ) referenced in function "public: void __cdecl Player::MakeSound(bool)" (?MakeSound@Player@@QEAAX_N@Z)
SoundWave.obj : error LNK2001: unresolved external symbol "public: int __cdecl sf::Time::asMilliseconds(void)const " (?asMilliseconds@Time@sf@@QEBAHXZ)
Trail.obj : error LNK2001: unresolved external symbol "public: int __cdecl sf::Time::asMilliseconds(void)const " (?asMilliseconds@Time@sf@@QEBAHXZ)
Player.obj : error LNK2019: unresolved external symbol "public: __cdecl sf::Clock::Clock(void)" (??0Clock@sf@@QEAA@XZ) referenced in function "public: __cdecl Player::Player(class GameObject *,class Map *)" (??0Player@@QEAA@PEAVGameObject@@PEAVMap@@@Z)
SoundWave.obj : error LNK2001: unresolved external symbol "public: __cdecl sf::Clock::Clock(void)" (??0Clock@sf@@QEAA@XZ)
Trail.obj : error LNK2001: unresolved external symbol "public: __cdecl sf::Clock::Clock(void)" (??0Clock@sf@@QEAA@XZ)
Player.obj : error LNK2019: unresolved external symbol "public: class sf::Time __cdecl sf::Clock::getElapsedTime(void)const " (?getElapsedTime@Clock@sf@@QEBA?AVTime@2@XZ) referenced in function "public: void __cdecl Player::MakeSound(bool)" (?MakeSound@Player@@QEAAX_N@Z)
SoundWave.obj : error LNK2001: unresolved external symbol "public: class sf::Time __cdecl sf::Clock::getElapsedTime(void)const " (?getElapsedTime@Clock@sf@@QEBA?AVTime@2@XZ)
Trail.obj : error LNK2001: unresolved external symbol "public: class sf::Time __cdecl sf::Clock::getElapsedTime(void)const " (?getElapsedTime@Clock@sf@@QEBA?AVTime@2@XZ)
Player.obj : error LNK2019: unresolved external symbol "public: class sf::Time __cdecl sf::Clock::restart(void)" (?restart@Clock@sf@@QEAA?AVTime@2@XZ) referenced in function "public: void __cdecl Player::MakeSound(bool)" (?MakeSound@Player@@QEAAX_N@Z)
SoundWave.obj : error LNK2001: unresolved external symbol "public: class sf::Time __cdecl sf::Clock::restart(void)" (?restart@Clock@sf@@QEAA?AVTime@2@XZ)
Trail.obj : error LNK2001: unresolved external symbol "public: class sf::Time __cdecl sf::Clock::restart(void)" (?restart@Clock@sf@@QEAA?AVTime@2@XZ)
Map_1.obj : error LNK2001: unresolved external symbol "public: static class sf::RenderStates const sf::RenderStates::Default" (?Default@RenderStates@sf@@2V12@B)
SoundWave.obj : error LNK2019: unresolved external symbol "public: __cdecl sf::Color::Color(unsigned char,unsigned char,unsigned char,unsigned char)" (??0Color@sf@@QEAA@EEEE@Z) referenced in function "public: void __cdecl SoundWave::Update(void)" (?Update@SoundWave@@QEAAXXZ)
Trail.obj : error LNK2001: unresolved external symbol "public: __cdecl sf::Color::Color(unsigned char,unsigned char,unsigned char,unsigned char)" (??0Color@sf@@QEAA@EEEE@Z)
SoundWave.obj : error LNK2019: unresolved external symbol "public: __cdecl sf::VertexArray::VertexArray(void)" (??0VertexArray@sf@@QEAA@XZ) referenced in function "public: __cdecl SoundWave::SoundWave(class GameObject *,int)" (??0SoundWave@@QEAA@PEAVGameObject@@H@Z)
SoundWave.obj : error LNK2019: unresolved external symbol "public: __cdecl sf::VertexArray::VertexArray(enum sf::PrimitiveType,unsigned __int64)" (??0VertexArray@sf@@QEAA@W4PrimitiveType@1@_K@Z) referenced in function "public: void __cdecl SoundWave::Update(void)" (?Update@SoundWave@@QEAAXXZ)
SoundWave.obj : error LNK2019: unresolved external symbol "public: class sf::Vertex & __cdecl sf::VertexArray::operator[](unsigned __int64)" (??AVertexArray@sf@@QEAAAEAVVertex@1@_K@Z) referenced in function "public: void __cdecl SoundWave::Update(void)" (?Update@SoundWave@@QEAAXXZ)
Trail.obj : error LNK2019: unresolved external symbol "public: void __cdecl sf::Shape::setFillColor(class sf::Color const &)" (?setFillColor@Shape@sf@@QEAAXAEBVColor@2@@Z) referenced in function "public: void __cdecl Trail::Update(void)" (?Update@Trail@@QEAAXXZ)
Trail.obj : error LNK2019: unresolved external symbol "public: class sf::Color const & __cdecl sf::Shape::getFillColor(void)const " (?getFillColor@Shape@sf@@QEBAAEBVColor@2@XZ) referenced in function "public: void __cdecl Trail::Update(void)" (?Update@Trail@@QEAAXXZ)
SFML-2.4.2/lib\sfml-graphics.lib : warning LNK4272: library machine type 'X86' conflicts with target machine type 'x64'
SFML-2.4.2/lib\sfml-window.lib : warning LNK4272: library machine type 'X86' conflicts with target machine type 'x64'
SFML-2.4.2/lib\sfml-system.lib : warning LNK4272: library machine type 'X86' conflicts with target machine type 'x64'
C:\Users\jpuerto\Documents\EchosOfNightmare\x64\Debug\EON.exe : fatal error LNK1120: 59 unresolved externals
