c:\users\jpuerto\documents\echosofnightmare\eon\x64\debug\vc140.pdb
c:\users\jpuerto\documents\echosofnightmare\eon\x64\debug\vc140.idb
c:\users\jpuerto\documents\echosofnightmare\eon\x64\debug\vsoundwave.obj
c:\users\jpuerto\documents\echosofnightmare\eon\x64\debug\vwall.obj
c:\users\jpuerto\documents\echosofnightmare\eon\x64\debug\contactlistener.obj
c:\users\jpuerto\documents\echosofnightmare\eon\x64\debug\eventlistener.obj
c:\users\jpuerto\documents\echosofnightmare\eon\x64\debug\pbbox.obj
c:\users\jpuerto\documents\echosofnightmare\eon\x64\debug\pbplayer.obj
c:\users\jpuerto\documents\echosofnightmare\eon\x64\debug\pbsoundwave.obj
c:\users\jpuerto\documents\echosofnightmare\eon\x64\debug\pbwall.obj
c:\users\jpuerto\documents\echosofnightmare\eon\x64\debug\physicbody.obj
c:\users\jpuerto\documents\echosofnightmare\eon\x64\debug\physicworld.obj
c:\users\jpuerto\documents\echosofnightmare\eon\x64\debug\player.obj
c:\users\jpuerto\documents\echosofnightmare\eon\x64\debug\tinyxml2.obj
c:\users\jpuerto\documents\echosofnightmare\eon\x64\debug\vec2.obj
c:\users\jpuerto\documents\echosofnightmare\eon\x64\debug\xmlreader.obj
c:\users\jpuerto\documents\echosofnightmare\eon\x64\debug\map.obj
c:\users\jpuerto\documents\echosofnightmare\eon\x64\debug\map_1.obj
c:\users\jpuerto\documents\echosofnightmare\eon\x64\debug\scene.obj
c:\users\jpuerto\documents\echosofnightmare\eon\x64\debug\smenu.obj
c:\users\jpuerto\documents\echosofnightmare\eon\x64\debug\soundwave.obj
c:\users\jpuerto\documents\echosofnightmare\eon\x64\debug\trail.obj
c:\users\jpuerto\documents\echosofnightmare\eon\x64\debug\director.obj
c:\users\jpuerto\documents\echosofnightmare\eon\x64\debug\main.obj
c:\users\jpuerto\documents\echosofnightmare\eon\x64\debug\gameobject.obj
c:\users\jpuerto\documents\echosofnightmare\eon\x64\debug\vbox.obj
c:\users\jpuerto\documents\echosofnightmare\eon\x64\debug\vplayer.obj
c:\users\jpuerto\documents\echosofnightmare\x64\debug\eon.pdb
c:\users\jpuerto\documents\echosofnightmare\eon\x64\debug\eon.tlog\cl.command.1.tlog
c:\users\jpuerto\documents\echosofnightmare\eon\x64\debug\eon.tlog\cl.read.1.tlog
c:\users\jpuerto\documents\echosofnightmare\eon\x64\debug\eon.tlog\cl.write.1.tlog
c:\users\jpuerto\documents\echosofnightmare\eon\x64\debug\eon.tlog\link-cvtres.read.1.tlog
c:\users\jpuerto\documents\echosofnightmare\eon\x64\debug\eon.tlog\link-cvtres.write.1.tlog
c:\users\jpuerto\documents\echosofnightmare\eon\x64\debug\eon.tlog\link-rc.read.1.tlog
c:\users\jpuerto\documents\echosofnightmare\eon\x64\debug\eon.tlog\link-rc.write.1.tlog
c:\users\jpuerto\documents\echosofnightmare\eon\x64\debug\eon.tlog\link.command.1.tlog
c:\users\jpuerto\documents\echosofnightmare\eon\x64\debug\eon.tlog\link.read.1.tlog
c:\users\jpuerto\documents\echosofnightmare\eon\x64\debug\eon.tlog\link.write.1.tlog
